<?xml version="1.0" encoding="UTF-8"?>
<!-- Generated by org.testng.reporters.JUnitReportReporter -->
<testsuite hostname="Arkos-MacBook-Air.local" failures="0" tests="1" name="testRunnerPackage.MyTestRunner" time="21.137" errors="0" timestamp="2023-07-15T13:25:06 IST" skipped="0">
  <testcase classname="testRunnerPackage.MyTestRunner" name="runScenario" time="21.137"/>
</testsuite> <!-- testRunnerPackage.MyTestRunner -->
